2022-04-10T08:02:12.270544569Z Waiting X server...
2022-04-10T08:02:12.454743005Z Waiting X server...
2022-04-10T08:02:12.465421152Z Logging to: /tmp/fluxbox.log
2022-04-10T08:02:12.560109717Z Waiting X server...
2022-04-10T08:02:12.677230841Z * daemon not running; starting now at tcp:5037
2022-04-10T08:02:12.679417633Z 
2022-04-10T08:02:12.679440878Z  --- x11vnc loop: 1 ---
2022-04-10T08:02:12.679445133Z 
2022-04-10T08:02:13.180417584Z  --- x11vnc loop: waiting for: 101
2022-04-10T08:02:13.180443816Z 
2022-04-10T08:02:13.236104376Z PORT=5900
2022-04-10T08:02:13.278183999Z * daemon started successfully
2022-04-10T08:02:13.278437815Z adb: no devices/emulators found
2022-04-10T08:02:14.287207167Z adb: no devices/emulators found
2022-04-10T08:02:15.091865189Z WARNING. Using fallback path for the emulator registration directory.
2022-04-10T08:02:15.294202407Z adb: device offline
2022-04-10T08:02:15.402181294Z emulator: WARNING: System image is writable
2022-04-10T08:02:15.402214949Z emulator: WARNING: encryption is off
2022-04-10T08:02:15.402221892Z Your emulator is out of date, please update by launching Android Studio:
2022-04-10T08:02:15.402227527Z  - Start Android Studio
2022-04-10T08:02:15.402232480Z  - Select menu "Tools > Android > SDK Manager"
2022-04-10T08:02:15.402239185Z  - Click "SDK Tools" tab
2022-04-10T08:02:15.402244399Z  - Check "Android Emulator" checkbox
2022-04-10T08:02:15.402248881Z  - Click "OK"
2022-04-10T08:02:15.402253357Z 
2022-04-10T08:02:15.700072263Z qemu-system-i386: warning: TSC frequency mismatch between VM (1995379 kHz) and host (2112005 kHz), and TSC scaling unavailable
2022-04-10T08:02:15.700116808Z qemu-system-i386: warning: TSC frequency mismatch between VM (1995379 kHz) and host (2112005 kHz), and TSC scaling unavailable
2022-04-10T08:04:04.510693205Z emulator: Saving state on exit with session uptime 108810 ms
2022-04-10T08:04:04.603912550Z [67:67:0410/080404.603762:ERROR:zygote_host_impl_linux.cc(89)] Running as root without --no-sandbox is not supported. See https://crbug.com/638180.
